Arguments: 
  /usr/local/Cellar/node@10/10.16.0/bin/node /usr/local/bin/yarn install

PATH: 
  /usr/local/sbin:/usr/local/bin:/usr/bin:/bin:/usr/sbin:/sbin:/opt/X11/bin

Yarn version: 
  1.16.0

Node version: 
  10.16.0

Platform: 
  darwin x64

Trace: 
  SyntaxError: /Users/wraybowling/play/curvemixer/app/server/package.json: Unexpected end of JSON input
      at JSON.parse (<anonymous>)
      at /usr/local/lib/node_modules/yarn/lib/cli.js:1625:59
      at Generator.next (<anonymous>)
      at step (/usr/local/lib/node_modules/yarn/lib/cli.js:304:30)
      at /usr/local/lib/node_modules/yarn/lib/cli.js:315:13

npm manifest: 
  {
    "name": "CurveMixer",
    "version": "0.1.4",
    "description": "A vector tool",
    "main": "src/index.js",
    "scripts": {
      "test": "jest",
      "start": "nodemon src/index.js",
      "start:ci": "node src/index.js"
    },
    "author": "Wray Bowling",
    "license": "GPL3",
    "dependencies": {
      "apollo-datasource": "^0.1.3",
      "apollo-datasource-rest": "^0.1.5",
      "apollo-server": "2.2.0-alpha.2",
      "apollo-server-testing": "2.2.0-alpha.2",
      "dotenv": "^6.1.0",
      "graphql": "^14.0.2",
      "isemail": "^3.1.3",
      "nodemon": "^1.18.4",
      "sequelize": "^4.39.0",
      "sqlite3": "^4.0.3"
    },
    "devDependencies": {
      "apollo": "^2.1.8",
      "apollo-link": "^1.2.3",
      "apollo-link-http": "^1.5.5",
      "jest": "^23.6.0",
      "nock": "^10.0.2",
      "node-fetch": "^2.2.1",
      "now": "^12.1.3"
    },
    "jest": {
      "testPathIgnorePatterns": [
        "/node_modules/",
        "/__utils"
      ]
  }

yarn manifest: 
  No manifest

Lockfile: 
  No lockfile
